2019-12-16 04:26:05,387 --- browser_driver_test.py --- __init__ ---  46 --- INFO --- -----------------open the browser:Chrome--------------------
2019-12-16 04:26:27,303 --- browser_driver_test.py --- get_init_url ---  84 --- INFO --- ---------------------open the url: http://www.5itest.cn/register?goto=/ -----------------------
2019-12-16 04:26:27,356 --- element_processing.py --- ele_processing ---  41 --- INFO --- ------ the element is: <selenium.webdriver.remote.webelement.WebElement (session="f8525c07198806f8f8f42b6fc9d454cb", element="cc644027-57ab-43f8-ab78-cb7cb93996f5")>    ------
2019-12-16 04:26:27,651 --- element_processing.py --- ele_processing ---  41 --- INFO --- ------ the element is: <selenium.webdriver.remote.webelement.WebElement (session="f8525c07198806f8f8f42b6fc9d454cb", element="8def5453-bdbe-4f1d-80ac-c9ccf9a4982f")>    ------
2019-12-16 04:26:28,068 --- element_processing.py --- ele_processing ---  41 --- INFO --- ------ the element is: <selenium.webdriver.remote.webelement.WebElement (session="f8525c07198806f8f8f42b6fc9d454cb", element="3e5e5a2d-8b0f-44db-aac6-04e6830a4cf6")>    ------
2019-12-16 04:26:28,433 --- element_processing.py --- ele_processing ---  41 --- INFO --- ------ the element is: <selenium.webdriver.remote.webelement.WebElement (session="f8525c07198806f8f8f42b6fc9d454cb", element="64038db9-1997-4d2b-b857-c955dc7435a2")>    ------
2019-12-16 04:26:28,528 --- register_business.py --- common_send_keys ---  33 --- INFO --- ----- send_keys is : ddd5125@163.com tes3t009 test4009 djdj
2019-12-16 04:26:28,529 --- register_handle.py --- get_user_error_text ---  59 --- INFO --- ------ assertcode is: user_email_error    ------
2019-12-16 04:26:38,560 --- element_processing.py --- ele_processing ---  43 --- INFO --- NoSuchElementException:Message: no such element: Unable to locate element: {"method":"css selector","selector":"[id="register_email-error"]"}
  (Session info: chrome=79.0.3945.79)

2019-12-16 04:26:38,584 --- register_business.py --- register_fun ---  65 --- INFO --- ----   check the assertcode is: user_email_error ,asserttext is: 请输入有效的电子邮件地址
2019-12-16 04:26:38,585 --- register_business.py --- register_fun ---  71 --- INFO --- ------  the  error_result is True   ------
2019-12-16 04:26:38,585 --- test_ddt_register_case.py --- test_Register_case ---  44 --- INFO --- ------ the  result_error is:   True   ------
2019-12-16 04:26:40,586 --- unittest_start_end.py --- tearDown ---  32 --- INFO --- ------ close the browser    ------
2019-12-16 04:26:45,910 --- browser_driver_test.py --- __init__ ---  46 --- INFO --- -----------------open the browser:Chrome--------------------
2019-12-16 04:27:07,908 --- browser_driver_test.py --- get_init_url ---  84 --- INFO --- ---------------------open the url: http://www.5itest.cn/register?goto=/ -----------------------
2019-12-16 04:27:07,967 --- element_processing.py --- ele_processing ---  41 --- INFO --- ------ the element is: <selenium.webdriver.remote.webelement.WebElement (session="3f571c48a7182f5d56f5492bbcc935e1", element="55160819-f05a-4501-ad41-22cb27b202f9")>    ------
2019-12-16 04:27:08,147 --- element_processing.py --- ele_processing ---  41 --- INFO --- ------ the element is: <selenium.webdriver.remote.webelement.WebElement (session="3f571c48a7182f5d56f5492bbcc935e1", element="53478be8-e1e1-42cd-91af-e017f9aed7cb")>    ------
2019-12-16 04:27:08,381 --- element_processing.py --- ele_processing ---  41 --- INFO --- ------ the element is: <selenium.webdriver.remote.webelement.WebElement (session="3f571c48a7182f5d56f5492bbcc935e1", element="87d55c44-aec4-43c1-a64c-1831d865b930")>    ------
2019-12-16 04:27:08,762 --- element_processing.py --- ele_processing ---  41 --- INFO --- ------ the element is: <selenium.webdriver.remote.webelement.WebElement (session="3f571c48a7182f5d56f5492bbcc935e1", element="68c66c7b-ff10-4663-8c85-f47e4032e620")>    ------
2019-12-16 04:27:08,861 --- register_business.py --- common_send_keys ---  33 --- INFO --- ----- send_keys is : 111 test00470 test400752 djdj0
2019-12-16 04:27:08,861 --- register_handle.py --- get_user_error_text ---  59 --- INFO --- ------ assertcode is: user_email_error    ------
2019-12-16 04:27:08,884 --- element_processing.py --- ele_processing ---  41 --- INFO --- ------ the element is: <selenium.webdriver.remote.webelement.WebElement (session="3f571c48a7182f5d56f5492bbcc935e1", element="4bb6924c-4b0e-4123-82c0-84c108de8094")>    ------
2019-12-16 04:27:08,911 --- register_business.py --- register_fun ---  65 --- INFO --- ----   check the assertcode is: user_email_error ,asserttext is: 请输入有效的电子邮件地址
2019-12-16 04:27:08,911 --- register_business.py --- register_fun ---  68 --- INFO --- ------  the error_result is False  ------
2019-12-16 04:27:08,912 --- test_ddt_register_case.py --- test_Register_case ---  44 --- INFO --- ------ the  result_error is:   False   ------
2019-12-16 04:27:10,912 --- unittest_start_end.py --- tearDown ---  32 --- INFO --- ------ close the browser    ------
