2019-12-17 02:29:34,485 --- browser_driver_test.py --- __init__ ---  46 --- INFO --- -----------------open the browser:Chrome--------------------
2019-12-17 02:29:56,189 --- browser_driver_test.py --- get_init_url ---  84 --- INFO --- ---------------------open the url: http://www.5itest.cn/register?goto=/ -----------------------
2019-12-17 02:29:56,237 --- element_processing.py --- ele_processing ---  41 --- INFO --- ------ the element is: <selenium.webdriver.remote.webelement.WebElement (session="fad5a5425c6e354de1197dc5449beeb4", element="73ff3132-2380-4513-822a-bc1f0b605543")>    ------
2019-12-17 02:29:56,545 --- element_processing.py --- ele_processing ---  41 --- INFO --- ------ the element is: <selenium.webdriver.remote.webelement.WebElement (session="fad5a5425c6e354de1197dc5449beeb4", element="277f0983-c90a-49f4-8af8-6e0170fb7aac")>    ------
2019-12-17 02:29:56,892 --- element_processing.py --- ele_processing ---  41 --- INFO --- ------ the element is: <selenium.webdriver.remote.webelement.WebElement (session="fad5a5425c6e354de1197dc5449beeb4", element="ad28b9ce-1fbd-42de-9cc7-6b31eec1ce98")>    ------
2019-12-17 02:29:57,195 --- element_processing.py --- ele_processing ---  41 --- INFO --- ------ the element is: <selenium.webdriver.remote.webelement.WebElement (session="fad5a5425c6e354de1197dc5449beeb4", element="54a49d00-b9fa-44cd-8421-1b6bc24647dc")>    ------
2019-12-17 02:29:57,281 --- register_business.py --- common_send_keys ---  33 --- INFO --- ----- send_keys is : ddd5125@163.com tes3t009 test4009 djdj
2019-12-17 02:29:57,282 --- register_handle.py --- get_user_error_text ---  59 --- INFO --- ------ assertcode is: user_email_error    ------
2019-12-17 02:30:07,319 --- element_processing.py --- ele_processing ---  43 --- INFO --- NoSuchElementException:Message: no such element: Unable to locate element: {"method":"css selector","selector":"[id="register_email-error"]"}
  (Session info: chrome=79.0.3945.79)

2019-12-17 02:30:07,346 --- register_business.py --- register_fun ---  65 --- INFO --- ----   check the assertcode is: user_email_error ,asserttext is: 请输入有效的电子邮件地址
2019-12-17 02:30:07,347 --- register_business.py --- register_fun ---  71 --- INFO --- ------  the  error_result is True   ------
2019-12-17 02:30:07,347 --- test_ddt_register_case.py --- test_Register_case ---  44 --- INFO --- ------ the  result_error is:   True   ------
2019-12-17 02:30:09,463 --- unittest_start_end.py --- tearDown ---  32 --- INFO --- ------ close the browser    ------
2019-12-17 02:30:15,459 --- browser_driver_test.py --- __init__ ---  46 --- INFO --- -----------------open the browser:Chrome--------------------
2019-12-17 02:30:36,944 --- browser_driver_test.py --- get_init_url ---  84 --- INFO --- ---------------------open the url: http://www.5itest.cn/register?goto=/ -----------------------
2019-12-17 02:30:36,989 --- element_processing.py --- ele_processing ---  41 --- INFO --- ------ the element is: <selenium.webdriver.remote.webelement.WebElement (session="e8e58d9c00ed56b1701602592a6de003", element="11f3b48f-a8b2-4a73-b532-b86beb407647")>    ------
2019-12-17 02:30:37,122 --- element_processing.py --- ele_processing ---  41 --- INFO --- ------ the element is: <selenium.webdriver.remote.webelement.WebElement (session="e8e58d9c00ed56b1701602592a6de003", element="ac79208d-352e-4654-a761-bbb189ee5051")>    ------
2019-12-17 02:30:37,347 --- element_processing.py --- ele_processing ---  41 --- INFO --- ------ the element is: <selenium.webdriver.remote.webelement.WebElement (session="e8e58d9c00ed56b1701602592a6de003", element="24919f3c-f5d0-4033-86c8-9ac02706e56f")>    ------
2019-12-17 02:30:37,716 --- element_processing.py --- ele_processing ---  41 --- INFO --- ------ the element is: <selenium.webdriver.remote.webelement.WebElement (session="e8e58d9c00ed56b1701602592a6de003", element="71e923ca-5de6-43c0-ab63-35e90b978981")>    ------
2019-12-17 02:30:37,805 --- register_business.py --- common_send_keys ---  33 --- INFO --- ----- send_keys is : 111 test00470 test400752 djdj0
2019-12-17 02:30:37,806 --- register_handle.py --- get_user_error_text ---  59 --- INFO --- ------ assertcode is: user_email_error    ------
2019-12-17 02:30:37,825 --- element_processing.py --- ele_processing ---  41 --- INFO --- ------ the element is: <selenium.webdriver.remote.webelement.WebElement (session="e8e58d9c00ed56b1701602592a6de003", element="72935c1f-911e-4d4b-9060-12544089cbd1")>    ------
2019-12-17 02:30:37,848 --- register_business.py --- register_fun ---  65 --- INFO --- ----   check the assertcode is: user_email_error ,asserttext is: 请输入有效的电子邮件地址
2019-12-17 02:30:37,848 --- register_business.py --- register_fun ---  68 --- INFO --- ------  the error_result is False  ------
2019-12-17 02:30:37,848 --- test_ddt_register_case.py --- test_Register_case ---  44 --- INFO --- ------ the  result_error is:   False   ------
2019-12-17 02:30:39,947 --- unittest_start_end.py --- tearDown ---  32 --- INFO --- ------ close the browser    ------
