2019-12-17 02:35:15,561 --- browser_driver_test.py --- __init__ ---  46 --- INFO --- -----------------open the browser:Chrome--------------------
2019-12-17 02:35:36,938 --- browser_driver_test.py --- get_init_url ---  84 --- INFO --- ---------------------open the url: http://www.5itest.cn/register?goto=/ -----------------------
2019-12-17 02:36:01,189 --- element_processing.py --- ele_processing ---  41 --- INFO --- ------ the element is: <selenium.webdriver.remote.webelement.WebElement (session="d8c8eef93b68a6697a504ec1a4f8b026", element="29f70b72-c004-45dd-b1c3-7af7118f8f95")>    ------
2019-12-17 02:36:01,442 --- element_processing.py --- ele_processing ---  41 --- INFO --- ------ the element is: <selenium.webdriver.remote.webelement.WebElement (session="d8c8eef93b68a6697a504ec1a4f8b026", element="c0e0e5c1-f927-44bb-bd9e-0243ec15beac")>    ------
2019-12-17 02:36:01,848 --- element_processing.py --- ele_processing ---  41 --- INFO --- ------ the element is: <selenium.webdriver.remote.webelement.WebElement (session="d8c8eef93b68a6697a504ec1a4f8b026", element="be7f9eaa-8949-4a0d-acfd-caf4ab785479")>    ------
2019-12-17 02:36:02,155 --- element_processing.py --- ele_processing ---  41 --- INFO --- ------ the element is: <selenium.webdriver.remote.webelement.WebElement (session="d8c8eef93b68a6697a504ec1a4f8b026", element="55b270ba-d6c0-488a-9053-edffe8e6443f")>    ------
2019-12-17 02:36:02,242 --- register_business.py --- common_send_keys ---  33 --- INFO --- ----- send_keys is : ddd5125@163.com tes3t009 test4009 djdj
2019-12-17 02:36:02,243 --- register_handle.py --- get_user_error_text ---  59 --- INFO --- ------ assertcode is: user_email_error    ------
2019-12-17 02:36:12,274 --- element_processing.py --- ele_processing ---  43 --- INFO --- NoSuchElementException:Message: no such element: Unable to locate element: {"method":"css selector","selector":"[id="register_email-error"]"}
  (Session info: chrome=79.0.3945.79)

2019-12-17 02:36:12,305 --- register_business.py --- register_fun ---  65 --- INFO --- ----   check the assertcode is: user_email_error ,asserttext is: 请输入有效的电子邮件地址
2019-12-17 02:36:12,305 --- register_business.py --- register_fun ---  71 --- INFO --- ------  the  error_info is True   ------
2019-12-17 02:36:20,068 --- test_ddt_register_case.py --- test_Register_case ---  49 --- INFO --- ------ the  result_error is:   True   ------
2019-12-17 02:36:39,484 --- element_processing.py --- ele_processing ---  41 --- INFO --- ------ the element is: <selenium.webdriver.remote.webelement.WebElement (session="d8c8eef93b68a6697a504ec1a4f8b026", element="29f70b72-c004-45dd-b1c3-7af7118f8f95")>    ------
2019-12-17 02:36:39,801 --- element_processing.py --- ele_processing ---  41 --- INFO --- ------ the element is: <selenium.webdriver.remote.webelement.WebElement (session="d8c8eef93b68a6697a504ec1a4f8b026", element="c0e0e5c1-f927-44bb-bd9e-0243ec15beac")>    ------
2019-12-17 02:36:39,909 --- element_processing.py --- ele_processing ---  41 --- INFO --- ------ the element is: <selenium.webdriver.remote.webelement.WebElement (session="d8c8eef93b68a6697a504ec1a4f8b026", element="be7f9eaa-8949-4a0d-acfd-caf4ab785479")>    ------
2019-12-17 02:36:40,181 --- element_processing.py --- ele_processing ---  41 --- INFO --- ------ the element is: <selenium.webdriver.remote.webelement.WebElement (session="d8c8eef93b68a6697a504ec1a4f8b026", element="55b270ba-d6c0-488a-9053-edffe8e6443f")>    ------
2019-12-17 02:36:40,484 --- register_business.py --- common_send_keys ---  33 --- INFO --- ----- send_keys is : ddd5125@163.com tes3t009 test4009 djdj
2019-12-17 02:36:40,485 --- register_handle.py --- get_user_error_text ---  59 --- INFO --- ------ assertcode is: user_email_error    ------
2019-12-17 02:36:40,506 --- element_processing.py --- ele_processing ---  41 --- INFO --- ------ the element is: <selenium.webdriver.remote.webelement.WebElement (session="d8c8eef93b68a6697a504ec1a4f8b026", element="b8c46778-fa67-4e49-80a6-9de6595ce702")>    ------
2019-12-17 02:36:40,576 --- register_business.py --- register_fun ---  65 --- INFO --- ----   check the assertcode is: user_email_error ,asserttext is: 请输入有效的电子邮件地址
2019-12-17 02:36:40,577 --- register_business.py --- register_fun ---  68 --- INFO --- ------  the error_info is False  ------
2019-12-17 02:36:46,320 --- test_ddt_register_case.py --- test_Register_case ---  49 --- INFO --- ------ the  result_error is:   False   ------
2019-12-17 02:36:58,562 --- unittest_start_end.py --- tearDown ---  32 --- INFO --- ------ close the browser    ------
2019-12-17 02:37:15,401 --- browser_driver_test.py --- __init__ ---  46 --- INFO --- -----------------open the browser:Chrome--------------------
2019-12-17 02:37:34,354 --- browser_driver_test.py --- get_init_url ---  84 --- INFO --- ---------------------open the url: http://www.5itest.cn/register?goto=/ -----------------------
2019-12-17 02:37:46,101 --- element_processing.py --- ele_processing ---  41 --- INFO --- ------ the element is: <selenium.webdriver.remote.webelement.WebElement (session="0d0b9af2f2adfd077cf3424c3c7c8549", element="2cc5ccd5-d842-498d-b72a-3ef8debde5f6")>    ------
2019-12-17 02:37:46,221 --- element_processing.py --- ele_processing ---  41 --- INFO --- ------ the element is: <selenium.webdriver.remote.webelement.WebElement (session="0d0b9af2f2adfd077cf3424c3c7c8549", element="ccd568b6-f6a1-4831-a26a-1123d33f43bd")>    ------
2019-12-17 02:37:46,422 --- element_processing.py --- ele_processing ---  41 --- INFO --- ------ the element is: <selenium.webdriver.remote.webelement.WebElement (session="0d0b9af2f2adfd077cf3424c3c7c8549", element="d4170c68-2afc-4bdf-ad55-7a040cdd6deb")>    ------
2019-12-17 02:37:46,793 --- element_processing.py --- ele_processing ---  41 --- INFO --- ------ the element is: <selenium.webdriver.remote.webelement.WebElement (session="0d0b9af2f2adfd077cf3424c3c7c8549", element="159a9195-799b-4654-bc63-290b177bc45f")>    ------
2019-12-17 02:37:46,883 --- register_business.py --- common_send_keys ---  33 --- INFO --- ----- send_keys is : 111 test00470 test400752 djdj0
2019-12-17 02:37:46,884 --- register_handle.py --- get_user_error_text ---  59 --- INFO --- ------ assertcode is: user_email_error    ------
2019-12-17 02:37:46,908 --- element_processing.py --- ele_processing ---  41 --- INFO --- ------ the element is: <selenium.webdriver.remote.webelement.WebElement (session="0d0b9af2f2adfd077cf3424c3c7c8549", element="25f980ba-ea47-43dc-a730-aa146dd900a8")>    ------
2019-12-17 02:37:46,932 --- register_business.py --- register_fun ---  65 --- INFO --- ----   check the assertcode is: user_email_error ,asserttext is: 请输入有效的电子邮件地址
2019-12-17 02:37:46,933 --- register_business.py --- register_fun ---  68 --- INFO --- ------  the error_info is False  ------
2019-12-17 02:37:49,318 --- test_ddt_register_case.py --- test_Register_case ---  49 --- INFO --- ------ the  result_error is:   False   ------
2019-12-17 02:37:52,995 --- element_processing.py --- ele_processing ---  41 --- INFO --- ------ the element is: <selenium.webdriver.remote.webelement.WebElement (session="0d0b9af2f2adfd077cf3424c3c7c8549", element="2cc5ccd5-d842-498d-b72a-3ef8debde5f6")>    ------
2019-12-17 02:37:53,252 --- element_processing.py --- ele_processing ---  41 --- INFO --- ------ the element is: <selenium.webdriver.remote.webelement.WebElement (session="0d0b9af2f2adfd077cf3424c3c7c8549", element="ccd568b6-f6a1-4831-a26a-1123d33f43bd")>    ------
2019-12-17 02:37:53,362 --- element_processing.py --- ele_processing ---  41 --- INFO --- ------ the element is: <selenium.webdriver.remote.webelement.WebElement (session="0d0b9af2f2adfd077cf3424c3c7c8549", element="d4170c68-2afc-4bdf-ad55-7a040cdd6deb")>    ------
2019-12-17 02:37:53,790 --- element_processing.py --- ele_processing ---  41 --- INFO --- ------ the element is: <selenium.webdriver.remote.webelement.WebElement (session="0d0b9af2f2adfd077cf3424c3c7c8549", element="159a9195-799b-4654-bc63-290b177bc45f")>    ------
2019-12-17 02:37:53,851 --- register_business.py --- common_send_keys ---  33 --- INFO --- ----- send_keys is : 111 test00470 test400752 djdj0
2019-12-17 02:37:53,852 --- register_handle.py --- get_user_error_text ---  59 --- INFO --- ------ assertcode is: user_email_error    ------
2019-12-17 02:37:53,867 --- element_processing.py --- ele_processing ---  41 --- INFO --- ------ the element is: <selenium.webdriver.remote.webelement.WebElement (session="0d0b9af2f2adfd077cf3424c3c7c8549", element="25f980ba-ea47-43dc-a730-aa146dd900a8")>    ------
2019-12-17 02:37:53,882 --- register_business.py --- register_fun ---  65 --- INFO --- ----   check the assertcode is: user_email_error ,asserttext is: 请输入有效的电子邮件地址
2019-12-17 02:37:53,882 --- register_business.py --- register_fun ---  68 --- INFO --- ------  the error_info is False  ------
2019-12-17 02:37:54,900 --- test_ddt_register_case.py --- test_Register_case ---  49 --- INFO --- ------ the  result_error is:   False   ------
2019-12-17 02:38:01,329 --- unittest_start_end.py --- tearDown ---  32 --- INFO --- ------ close the browser    ------
