2019-12-17 02:49:45,168 --- browser_driver_test.py --- __init__ ---  46 --- INFO --- -----------------open the browser:Chrome--------------------
2019-12-17 02:50:06,626 --- browser_driver_test.py --- get_init_url ---  84 --- INFO --- ---------------------open the url: http://www.5itest.cn/register?goto=/ -----------------------
2019-12-17 02:50:06,893 --- element_processing.py --- ele_processing ---  41 --- INFO --- ------ the element is: <selenium.webdriver.remote.webelement.WebElement (session="c5e74056f461158bc13948b646fe484d", element="daff6c51-d00c-4397-b131-8787720d0a91")>    ------
2019-12-17 02:50:07,025 --- element_processing.py --- ele_processing ---  41 --- INFO --- ------ the element is: <selenium.webdriver.remote.webelement.WebElement (session="c5e74056f461158bc13948b646fe484d", element="39bc696c-686a-4ffa-be51-6116f99e41b5")>    ------
2019-12-17 02:50:07,192 --- element_processing.py --- ele_processing ---  41 --- INFO --- ------ the element is: <selenium.webdriver.remote.webelement.WebElement (session="c5e74056f461158bc13948b646fe484d", element="5083ab2e-0e14-477e-8510-27115c496868")>    ------
2019-12-17 02:50:07,521 --- element_processing.py --- ele_processing ---  41 --- INFO --- ------ the element is: <selenium.webdriver.remote.webelement.WebElement (session="c5e74056f461158bc13948b646fe484d", element="c0464d13-b4c6-443e-a672-a942ac2ce8fd")>    ------
2019-12-17 02:50:07,616 --- register_business.py --- common_send_keys ---  33 --- INFO --- ----- send_keys is : 111 test00470 test400752 djdj0
2019-12-17 02:50:07,616 --- register_handle.py --- get_user_error_text ---  59 --- INFO --- ------ assertcode is: user_email_error    ------
2019-12-17 02:50:07,643 --- element_processing.py --- ele_processing ---  41 --- INFO --- ------ the element is: <selenium.webdriver.remote.webelement.WebElement (session="c5e74056f461158bc13948b646fe484d", element="3ebd50ae-8fe2-4895-9d77-da02983776cf")>    ------
2019-12-17 02:50:07,674 --- register_business.py --- register_fun ---  65 --- INFO --- ----   check the assertcode is: user_email_error ,asserttext is: 请输入有效的电子邮件地址
2019-12-17 02:50:07,674 --- register_business.py --- register_fun ---  68 --- INFO --- ------  the error_info is True  ------
2019-12-17 02:50:07,851 --- element_processing.py --- ele_processing ---  41 --- INFO --- ------ the element is: <selenium.webdriver.remote.webelement.WebElement (session="c5e74056f461158bc13948b646fe484d", element="daff6c51-d00c-4397-b131-8787720d0a91")>    ------
2019-12-17 02:50:08,152 --- element_processing.py --- ele_processing ---  41 --- INFO --- ------ the element is: <selenium.webdriver.remote.webelement.WebElement (session="c5e74056f461158bc13948b646fe484d", element="39bc696c-686a-4ffa-be51-6116f99e41b5")>    ------
2019-12-17 02:50:08,260 --- element_processing.py --- ele_processing ---  41 --- INFO --- ------ the element is: <selenium.webdriver.remote.webelement.WebElement (session="c5e74056f461158bc13948b646fe484d", element="5083ab2e-0e14-477e-8510-27115c496868")>    ------
2019-12-17 02:50:08,581 --- element_processing.py --- ele_processing ---  41 --- INFO --- ------ the element is: <selenium.webdriver.remote.webelement.WebElement (session="c5e74056f461158bc13948b646fe484d", element="c0464d13-b4c6-443e-a672-a942ac2ce8fd")>    ------
2019-12-17 02:50:08,649 --- register_business.py --- common_send_keys ---  33 --- INFO --- ----- send_keys is : 111 test00470 test400752 djdj0
2019-12-17 02:50:08,649 --- register_handle.py --- get_user_error_text ---  59 --- INFO --- ------ assertcode is: user_email_error    ------
2019-12-17 02:50:08,663 --- element_processing.py --- ele_processing ---  41 --- INFO --- ------ the element is: <selenium.webdriver.remote.webelement.WebElement (session="c5e74056f461158bc13948b646fe484d", element="3ebd50ae-8fe2-4895-9d77-da02983776cf")>    ------
2019-12-17 02:50:08,677 --- register_business.py --- register_fun ---  65 --- INFO --- ----   check the assertcode is: user_email_error ,asserttext is: 请输入有效的电子邮件地址
2019-12-17 02:50:08,678 --- register_business.py --- register_fun ---  68 --- INFO --- ------  the error_info is True  ------
2019-12-17 02:50:10,687 --- unittest_start_end.py --- tearDown ---  32 --- INFO --- ------ close the browser    ------
2019-12-17 02:50:16,224 --- browser_driver_test.py --- __init__ ---  46 --- INFO --- -----------------open the browser:Chrome--------------------
2019-12-17 02:50:37,950 --- browser_driver_test.py --- get_init_url ---  84 --- INFO --- ---------------------open the url: http://www.5itest.cn/register?goto=/ -----------------------
2019-12-17 02:50:38,481 --- element_processing.py --- ele_processing ---  41 --- INFO --- ------ the element is: <selenium.webdriver.remote.webelement.WebElement (session="ee7242650d465ae7a36e623441d514f8", element="13331b9c-a1ec-4fcd-a12f-b3ba10a7fe09")>    ------
2019-12-17 02:50:38,784 --- element_processing.py --- ele_processing ---  41 --- INFO --- ------ the element is: <selenium.webdriver.remote.webelement.WebElement (session="ee7242650d465ae7a36e623441d514f8", element="e71be04f-6cde-4869-a48b-5d936f32bf1e")>    ------
2019-12-17 02:50:39,177 --- element_processing.py --- ele_processing ---  41 --- INFO --- ------ the element is: <selenium.webdriver.remote.webelement.WebElement (session="ee7242650d465ae7a36e623441d514f8", element="04e176b9-2f9a-4192-a466-3af0a08d53f2")>    ------
2019-12-17 02:50:39,481 --- element_processing.py --- ele_processing ---  41 --- INFO --- ------ the element is: <selenium.webdriver.remote.webelement.WebElement (session="ee7242650d465ae7a36e623441d514f8", element="cd6ad6c2-f67b-4f95-ac96-c92fa197daf3")>    ------
2019-12-17 02:50:39,571 --- register_business.py --- common_send_keys ---  33 --- INFO --- ----- send_keys is : ddd5125@163.com tes3t009 test4009 djdj
2019-12-17 02:50:39,571 --- register_handle.py --- get_user_error_text ---  59 --- INFO --- ------ assertcode is: user_email_error    ------
2019-12-17 02:50:49,603 --- element_processing.py --- ele_processing ---  43 --- INFO --- NoSuchElementException:Message: no such element: Unable to locate element: {"method":"css selector","selector":"[id="register_email-error"]"}
  (Session info: chrome=79.0.3945.79)

2019-12-17 02:50:49,697 --- register_business.py --- register_fun ---  65 --- INFO --- ----   check the assertcode is: user_email_error ,asserttext is: 请输入有效的电子邮件地址
2019-12-17 02:50:49,698 --- register_business.py --- register_fun ---  68 --- INFO --- ------  the error_info is True  ------
2019-12-17 02:50:49,779 --- element_processing.py --- ele_processing ---  41 --- INFO --- ------ the element is: <selenium.webdriver.remote.webelement.WebElement (session="ee7242650d465ae7a36e623441d514f8", element="13331b9c-a1ec-4fcd-a12f-b3ba10a7fe09")>    ------
2019-12-17 02:50:50,168 --- element_processing.py --- ele_processing ---  41 --- INFO --- ------ the element is: <selenium.webdriver.remote.webelement.WebElement (session="ee7242650d465ae7a36e623441d514f8", element="e71be04f-6cde-4869-a48b-5d936f32bf1e")>    ------
2019-12-17 02:50:50,273 --- element_processing.py --- ele_processing ---  41 --- INFO --- ------ the element is: <selenium.webdriver.remote.webelement.WebElement (session="ee7242650d465ae7a36e623441d514f8", element="04e176b9-2f9a-4192-a466-3af0a08d53f2")>    ------
2019-12-17 02:50:50,521 --- element_processing.py --- ele_processing ---  41 --- INFO --- ------ the element is: <selenium.webdriver.remote.webelement.WebElement (session="ee7242650d465ae7a36e623441d514f8", element="cd6ad6c2-f67b-4f95-ac96-c92fa197daf3")>    ------
2019-12-17 02:50:50,581 --- register_business.py --- common_send_keys ---  33 --- INFO --- ----- send_keys is : ddd5125@163.com tes3t009 test4009 djdj
2019-12-17 02:50:50,581 --- register_handle.py --- get_user_error_text ---  59 --- INFO --- ------ assertcode is: user_email_error    ------
2019-12-17 02:50:50,594 --- element_processing.py --- ele_processing ---  41 --- INFO --- ------ the element is: <selenium.webdriver.remote.webelement.WebElement (session="ee7242650d465ae7a36e623441d514f8", element="7f84c7cc-ce5b-49f6-8f74-b928ccb3dad9")>    ------
2019-12-17 02:50:50,617 --- register_business.py --- register_fun ---  65 --- INFO --- ----   check the assertcode is: user_email_error ,asserttext is: 请输入有效的电子邮件地址
2019-12-17 02:50:50,617 --- register_business.py --- register_fun ---  68 --- INFO --- ------  the error_info is True  ------
2019-12-17 02:50:52,631 --- unittest_start_end.py --- tearDown ---  32 --- INFO --- ------ close the browser    ------
