2019-12-17 03:15:05,059 --- browser_driver_test.py --- __init__ ---  46 --- INFO --- -----------------open the browser:Chrome--------------------
2019-12-17 03:15:26,598 --- browser_driver_test.py --- get_init_url ---  84 --- INFO --- ---------------------open the url: http://www.5itest.cn/register?goto=/ -----------------------
2019-12-17 03:15:26,667 --- element_processing.py --- ele_processing ---  41 --- INFO --- ------ the element is: <selenium.webdriver.remote.webelement.WebElement (session="d0a4cc1e71d765d1d5181e2862ffb917", element="ca1fd8f6-474c-4e0d-b307-e48370c1eaa8")>    ------
2019-12-17 03:15:26,889 --- element_processing.py --- ele_processing ---  41 --- INFO --- ------ the element is: <selenium.webdriver.remote.webelement.WebElement (session="d0a4cc1e71d765d1d5181e2862ffb917", element="1f5c5529-3f43-423c-b192-077a868d97b3")>    ------
2019-12-17 03:15:27,195 --- element_processing.py --- ele_processing ---  41 --- INFO --- ------ the element is: <selenium.webdriver.remote.webelement.WebElement (session="d0a4cc1e71d765d1d5181e2862ffb917", element="9f914de0-ca85-4398-b458-72b62c898bb0")>    ------
2019-12-17 03:15:27,563 --- element_processing.py --- ele_processing ---  41 --- INFO --- ------ the element is: <selenium.webdriver.remote.webelement.WebElement (session="d0a4cc1e71d765d1d5181e2862ffb917", element="5295db49-f54a-4d91-8b17-a82978ba6805")>    ------
2019-12-17 03:15:27,675 --- register_business.py --- common_send_keys ---  33 --- INFO --- ----- send_keys is : 111 test00470 test400752 djdj0
2019-12-17 03:15:27,676 --- register_handle.py --- get_user_error_text ---  60 --- INFO --- ------ assertcode is: user_email_error    ------
2019-12-17 03:15:27,701 --- element_processing.py --- ele_processing ---  41 --- INFO --- ------ the element is: <selenium.webdriver.remote.webelement.WebElement (session="d0a4cc1e71d765d1d5181e2862ffb917", element="6437d483-21b7-40f3-8f20-a5b5ab08e035")>    ------
2019-12-17 03:15:27,734 --- register_handle.py --- get_user_error_text ---  68 --- INFO --- ------ text is:    请输入有效的电子邮件地址    ------
2019-12-17 03:15:27,734 --- register_business.py --- register_fun ---  65 --- INFO --- ----   check the assertcode is: user_email_error ,asserttext is: 请输入有效的电子邮件地址
2019-12-17 03:15:27,734 --- register_business.py --- register_fun ---  68 --- INFO --- ------  the error_info is True  ------
2019-12-17 03:15:29,863 --- unittest_start_end.py --- tearDown ---  32 --- INFO --- ------ close the browser    ------
2019-12-17 03:15:35,792 --- browser_driver_test.py --- __init__ ---  46 --- INFO --- -----------------open the browser:Chrome--------------------
2019-12-17 03:15:57,718 --- browser_driver_test.py --- get_init_url ---  84 --- INFO --- ---------------------open the url: http://www.5itest.cn/register?goto=/ -----------------------
2019-12-17 03:15:57,797 --- element_processing.py --- ele_processing ---  41 --- INFO --- ------ the element is: <selenium.webdriver.remote.webelement.WebElement (session="1d6260a96d11afaa0b7ce1664a6ddd83", element="b189089d-d80f-49d2-923d-979dd772938a")>    ------
2019-12-17 03:15:58,167 --- element_processing.py --- ele_processing ---  41 --- INFO --- ------ the element is: <selenium.webdriver.remote.webelement.WebElement (session="1d6260a96d11afaa0b7ce1664a6ddd83", element="fef42be9-4fbe-4a50-ae88-957a2d36d1a4")>    ------
2019-12-17 03:15:58,572 --- element_processing.py --- ele_processing ---  41 --- INFO --- ------ the element is: <selenium.webdriver.remote.webelement.WebElement (session="1d6260a96d11afaa0b7ce1664a6ddd83", element="20645e67-2930-4408-9e7a-b089b9ab0677")>    ------
2019-12-17 03:15:58,940 --- element_processing.py --- ele_processing ---  41 --- INFO --- ------ the element is: <selenium.webdriver.remote.webelement.WebElement (session="1d6260a96d11afaa0b7ce1664a6ddd83", element="4e0ddec4-4332-41ef-bf97-06dc53b4d256")>    ------
2019-12-17 03:15:59,063 --- register_business.py --- common_send_keys ---  33 --- INFO --- ----- send_keys is : ddd5125@163.com tes3t009 test4009 djdj
2019-12-17 03:15:59,064 --- register_handle.py --- get_user_error_text ---  60 --- INFO --- ------ assertcode is: user_email_error    ------
2019-12-17 03:16:09,088 --- element_processing.py --- ele_processing ---  43 --- INFO --- NoSuchElementException:Message: no such element: Unable to locate element: {"method":"css selector","selector":"[id="register_email-error"]"}
  (Session info: chrome=79.0.3945.79)

2019-12-17 03:16:09,112 --- register_handle.py --- get_user_error_text ---  68 --- INFO --- ------ text is:        ------
2019-12-17 03:16:09,113 --- register_business.py --- register_fun ---  65 --- INFO --- ----   check the assertcode is: user_email_error ,asserttext is: 请输入有效的电子邮件地址
2019-12-17 03:16:09,113 --- register_business.py --- register_fun ---  71 --- INFO --- ------  the  error_info is False   ------
2019-12-17 03:16:11,224 --- unittest_start_end.py --- tearDown ---  32 --- INFO --- ------ close the browser    ------
