===Starting var:.. testList = [10, 2, 120, 0, -20, 55]
===04:21:54.074447 call        40 def bubbleSort(testList):
===04:21:54.076447 line        43     for i in range(len(testList)-1):
===New var:....... i = 0
===04:21:54.077444 line        45         numberChange = False
===New var:....... numberChange = False
===04:21:54.078942 line        47         for j in range(len(testList)-1-i):
===New var:....... j = 0
===04:21:54.080439 line        49             if testList[j] > testList[j+1]:
===04:21:54.081439 line        50                 testList[j],testList[j+1] = testList[j+1],testList[j]
===Modified var:.. testList = [2, 10, 120, 0, -20, 55]
===04:21:54.082936 line        51                 numberChange = True
===Modified var:.. numberChange = True
===04:21:54.084434 line        47         for j in range(len(testList)-1-i):
===Modified var:.. j = 1
===04:21:54.085928 line        49             if testList[j] > testList[j+1]:
===04:21:54.086929 line        47         for j in range(len(testList)-1-i):
===Modified var:.. j = 2
===04:21:54.088423 line        49             if testList[j] > testList[j+1]:
===04:21:54.088925 line        50                 testList[j],testList[j+1] = testList[j+1],testList[j]
===Modified var:.. testList = [2, 10, 0, 120, -20, 55]
===04:21:54.090422 line        51                 numberChange = True
===04:21:54.091420 line        47         for j in range(len(testList)-1-i):
===Modified var:.. j = 3
===04:21:54.093414 line        49             if testList[j] > testList[j+1]:
===04:21:54.093915 line        50                 testList[j],testList[j+1] = testList[j+1],testList[j]
===Modified var:.. testList = [2, 10, 0, -20, 120, 55]
===04:21:54.095411 line        51                 numberChange = True
===04:21:54.096411 line        47         for j in range(len(testList)-1-i):
===Modified var:.. j = 4
===04:21:54.097409 line        49             if testList[j] > testList[j+1]:
===04:21:54.098407 line        50                 testList[j],testList[j+1] = testList[j+1],testList[j]
===Modified var:.. testList = [2, 10, 0, -20, 55, 120]
===04:21:54.099903 line        51                 numberChange = True
===04:21:54.100401 line        47         for j in range(len(testList)-1-i):
===04:21:54.101898 line        53         if not numberChange:
===04:21:54.102399 line        43     for i in range(len(testList)-1):
===Modified var:.. i = 1
===04:21:54.103898 line        45         numberChange = False
===Modified var:.. numberChange = False
===04:21:54.105393 line        47         for j in range(len(testList)-1-i):
===Modified var:.. j = 0
===04:21:54.106391 line        49             if testList[j] > testList[j+1]:
===04:21:54.107388 line        47         for j in range(len(testList)-1-i):
===Modified var:.. j = 1
===04:21:54.108387 line        49             if testList[j] > testList[j+1]:
===04:21:54.109385 line        50                 testList[j],testList[j+1] = testList[j+1],testList[j]
===Modified var:.. testList = [2, 0, 10, -20, 55, 120]
===04:21:54.110383 line        51                 numberChange = True
===Modified var:.. numberChange = True
===04:21:54.111879 line        47         for j in range(len(testList)-1-i):
===Modified var:.. j = 2
===04:21:54.113376 line        49             if testList[j] > testList[j+1]:
===04:21:54.113876 line        50                 testList[j],testList[j+1] = testList[j+1],testList[j]
===Modified var:.. testList = [2, 0, -20, 10, 55, 120]
===04:21:54.115372 line        51                 numberChange = True
===04:21:54.115873 line        47         for j in range(len(testList)-1-i):
===Modified var:.. j = 3
===04:21:54.117368 line        49             if testList[j] > testList[j+1]:
===04:21:54.117870 line        47         for j in range(len(testList)-1-i):
===04:21:54.118369 line        53         if not numberChange:
===04:21:54.119366 line        43     for i in range(len(testList)-1):
===Modified var:.. i = 2
===04:21:54.120365 line        45         numberChange = False
===Modified var:.. numberChange = False
===04:21:54.121862 line        47         for j in range(len(testList)-1-i):
===Modified var:.. j = 0
===04:21:54.123358 line        49             if testList[j] > testList[j+1]:
===04:21:54.123856 line        50                 testList[j],testList[j+1] = testList[j+1],testList[j]
===Modified var:.. testList = [0, 2, -20, 10, 55, 120]
===04:21:54.125353 line        51                 numberChange = True
===Modified var:.. numberChange = True
===04:21:54.126851 line        47         for j in range(len(testList)-1-i):
===Modified var:.. j = 1
===04:21:54.128350 line        49             if testList[j] > testList[j+1]:
===04:21:54.129350 line        50                 testList[j],testList[j+1] = testList[j+1],testList[j]
===Modified var:.. testList = [0, -20, 2, 10, 55, 120]
===04:21:54.130843 line        51                 numberChange = True
===04:21:54.131344 line        47         for j in range(len(testList)-1-i):
===Modified var:.. j = 2
===04:21:54.132840 line        49             if testList[j] > testList[j+1]:
===04:21:54.133340 line        47         for j in range(len(testList)-1-i):
===04:21:54.133839 line        53         if not numberChange:
===04:21:54.134837 line        43     for i in range(len(testList)-1):
===Modified var:.. i = 3
===04:21:54.135837 line        45         numberChange = False
===Modified var:.. numberChange = False
===04:21:54.137332 line        47         for j in range(len(testList)-1-i):
===Modified var:.. j = 0
===04:21:54.138828 line        49             if testList[j] > testList[j+1]:
===04:21:54.139328 line        50                 testList[j],testList[j+1] = testList[j+1],testList[j]
===Modified var:.. testList = [-20, 0, 2, 10, 55, 120]
===04:21:54.140824 line        51                 numberChange = True
===Modified var:.. numberChange = True
===04:21:54.141824 line        47         for j in range(len(testList)-1-i):
===Modified var:.. j = 1
===04:21:54.143321 line        49             if testList[j] > testList[j+1]:
===04:21:54.143821 line        47         for j in range(len(testList)-1-i):
===04:21:54.144818 line        53         if not numberChange:
===04:21:54.145318 line        43     for i in range(len(testList)-1):
===Modified var:.. i = 4
===04:21:54.147312 line        45         numberChange = False
===Modified var:.. numberChange = False
===04:21:54.148811 line        47         for j in range(len(testList)-1-i):
===Modified var:.. j = 0
===04:21:54.151306 line        49             if testList[j] > testList[j+1]:
===04:21:54.152304 line        47         for j in range(len(testList)-1-i):
===04:21:54.153301 line        53         if not numberChange:
===04:21:54.154299 line        54             return testList
===04:21:54.154799 return      54             return testList
===Return value:.. [-20, 0, 2, 10, 55, 120]
===Starting var:.. testList = [10, 2, 120, 0, -20, 55]
===05:32:21.933341 call        40 def bubbleSort(testList):
===05:32:21.954799 line        42     for i in range(len(testList)-1):
===New var:....... i = 0
===05:32:21.958291 line        44         numberChange = False
===New var:....... numberChange = False
===05:32:21.960787 line        46         for j in range(len(testList)-1-i):
===New var:....... j = 0
===05:32:21.962783 line        48             if testList[j] > testList[j+1]:
===05:32:21.964281 line        49                 testList[j],testList[j+1] = testList[j+1],testList[j]
===Modified var:.. testList = [2, 10, 120, 0, -20, 55]
===05:32:21.966276 line        50                 numberChange = True
===Modified var:.. numberChange = True
===05:32:21.968272 line        46         for j in range(len(testList)-1-i):
===Modified var:.. j = 1
===05:32:21.970268 line        48             if testList[j] > testList[j+1]:
===05:32:21.971266 line        46         for j in range(len(testList)-1-i):
===Modified var:.. j = 2
===05:32:21.973262 line        48             if testList[j] > testList[j+1]:
===05:32:21.974760 line        49                 testList[j],testList[j+1] = testList[j+1],testList[j]
===Modified var:.. testList = [2, 10, 0, 120, -20, 55]
===05:32:21.977255 line        50                 numberChange = True
===05:32:21.978253 line        46         for j in range(len(testList)-1-i):
===Modified var:.. j = 3
===05:32:21.980250 line        48             if testList[j] > testList[j+1]:
===05:32:21.981248 line        49                 testList[j],testList[j+1] = testList[j+1],testList[j]
===Modified var:.. testList = [2, 10, 0, -20, 120, 55]
===05:32:21.983244 line        50                 numberChange = True
===05:32:21.985240 line        46         for j in range(len(testList)-1-i):
===Modified var:.. j = 4
===05:32:21.988234 line        48             if testList[j] > testList[j+1]:
===05:32:21.995720 line        49                 testList[j],testList[j+1] = testList[j+1],testList[j]
===Modified var:.. testList = [2, 10, 0, -20, 55, 120]
===05:32:21.997716 line        50                 numberChange = True
===05:32:21.999214 line        46         for j in range(len(testList)-1-i):
===05:32:22.000711 line        52         if not numberChange:
===05:32:22.001708 line        42     for i in range(len(testList)-1):
===Modified var:.. i = 1
===05:32:22.003706 line        44         numberChange = False
===Modified var:.. numberChange = False
===05:32:22.006699 line        46         for j in range(len(testList)-1-i):
===Modified var:.. j = 0
===05:32:22.009194 line        48             if testList[j] > testList[j+1]:
===05:32:22.010692 line        46         for j in range(len(testList)-1-i):
===Modified var:.. j = 1
===05:32:22.013186 line        48             if testList[j] > testList[j+1]:
===05:32:22.014185 line        49                 testList[j],testList[j+1] = testList[j+1],testList[j]
===Modified var:.. testList = [2, 0, 10, -20, 55, 120]
===05:32:22.016680 line        50                 numberChange = True
===Modified var:.. numberChange = True
===05:32:22.019176 line        46         for j in range(len(testList)-1-i):
===Modified var:.. j = 2
===05:32:22.022670 line        48             if testList[j] > testList[j+1]:
===05:32:22.024166 line        49                 testList[j],testList[j+1] = testList[j+1],testList[j]
===Modified var:.. testList = [2, 0, -20, 10, 55, 120]
===05:32:22.025665 line        50                 numberChange = True
===05:32:22.026660 line        46         for j in range(len(testList)-1-i):
===Modified var:.. j = 3
===05:32:22.028658 line        48             if testList[j] > testList[j+1]:
===05:32:22.030155 line        46         for j in range(len(testList)-1-i):
===05:32:22.031152 line        52         if not numberChange:
===05:32:22.032152 line        42     for i in range(len(testList)-1):
===Modified var:.. i = 2
===05:32:22.035644 line        44         numberChange = False
===Modified var:.. numberChange = False
===05:32:22.037640 line        46         for j in range(len(testList)-1-i):
===Modified var:.. j = 0
===05:32:22.039637 line        48             if testList[j] > testList[j+1]:
===05:32:22.040634 line        49                 testList[j],testList[j+1] = testList[j+1],testList[j]
===Modified var:.. testList = [0, 2, -20, 10, 55, 120]
===05:32:22.042630 line        50                 numberChange = True
===Modified var:.. numberChange = True
===05:32:22.044628 line        46         for j in range(len(testList)-1-i):
===Modified var:.. j = 1
===05:32:22.047122 line        48             if testList[j] > testList[j+1]:
===05:32:22.048120 line        49                 testList[j],testList[j+1] = testList[j+1],testList[j]
===Modified var:.. testList = [0, -20, 2, 10, 55, 120]
===05:32:22.050118 line        50                 numberChange = True
===05:32:22.051115 line        46         for j in range(len(testList)-1-i):
===Modified var:.. j = 2
===05:32:22.053112 line        48             if testList[j] > testList[j+1]:
===05:32:22.055607 line        46         for j in range(len(testList)-1-i):
===05:32:22.058102 line        52         if not numberChange:
===05:32:22.059599 line        42     for i in range(len(testList)-1):
===Modified var:.. i = 3
===05:32:22.062093 line        44         numberChange = False
===Modified var:.. numberChange = False
===05:32:22.064090 line        46         for j in range(len(testList)-1-i):
===Modified var:.. j = 0
===05:32:22.066086 line        48             if testList[j] > testList[j+1]:
===05:32:22.067584 line        49                 testList[j],testList[j+1] = testList[j+1],testList[j]
===Modified var:.. testList = [-20, 0, 2, 10, 55, 120]
===05:32:22.069580 line        50                 numberChange = True
===Modified var:.. numberChange = True
===05:32:22.071077 line        46         for j in range(len(testList)-1-i):
===Modified var:.. j = 1
===05:32:22.073073 line        48             if testList[j] > testList[j+1]:
===05:32:22.074071 line        46         for j in range(len(testList)-1-i):
===05:32:22.075069 line        52         if not numberChange:
===05:32:22.076070 line        42     for i in range(len(testList)-1):
===Modified var:.. i = 4
===05:32:22.077565 line        44         numberChange = False
===Modified var:.. numberChange = False
===05:32:22.079560 line        46         for j in range(len(testList)-1-i):
===Modified var:.. j = 0
===05:32:22.081058 line        48             if testList[j] > testList[j+1]:
===05:32:22.082056 line        46         for j in range(len(testList)-1-i):
===05:32:22.083053 line        52         if not numberChange:
===05:32:22.083553 line        53             return testList
===05:32:22.084551 return      53             return testList
===Return value:.. [-20, 0, 2, 10, 55, 120]
===Starting var:.. testList = [10, 2, 120, 0, -20, 55]
===22:06:43.811680 call        42 def bubbleSort(testList):
===22:06:43.831731 line        44     startTime = time.time()
===New var:....... startTime = 1579097203.8327296
===22:06:43.843208 line        46     for i in range(len(testList)-1):
===New var:....... i = 0
===22:06:43.844707 line        48         numberChange = False
===New var:....... numberChange = False
===22:06:43.846205 line        50         for j in range(len(testList)-1-i):
===New var:....... j = 0
===22:06:43.847699 line        52             if testList[j] > testList[j+1]:
===22:06:43.848200 line        53                 testList[j],testList[j+1] = testList[j+1],testList[j]
===Modified var:.. testList = [2, 10, 120, 0, -20, 55]
===22:06:43.849695 line        54                 numberChange = True
===Modified var:.. numberChange = True
===22:06:43.850695 line        50         for j in range(len(testList)-1-i):
===Modified var:.. j = 1
===22:06:43.852192 line        52             if testList[j] > testList[j+1]:
===22:06:43.852691 line        50         for j in range(len(testList)-1-i):
===Modified var:.. j = 2
===22:06:43.854186 line        52             if testList[j] > testList[j+1]:
===22:06:43.854687 line        53                 testList[j],testList[j+1] = testList[j+1],testList[j]
===Modified var:.. testList = [2, 10, 0, 120, -20, 55]
===22:06:43.856184 line        54                 numberChange = True
===22:06:43.856683 line        50         for j in range(len(testList)-1-i):
===Modified var:.. j = 3
===22:06:43.858179 line        52             if testList[j] > testList[j+1]:
===22:06:43.858680 line        53                 testList[j],testList[j+1] = testList[j+1],testList[j]
===Modified var:.. testList = [2, 10, 0, -20, 120, 55]
===22:06:43.860175 line        54                 numberChange = True
===22:06:43.860676 line        50         for j in range(len(testList)-1-i):
===Modified var:.. j = 4
===22:06:43.862173 line        52             if testList[j] > testList[j+1]:
===22:06:43.863171 line        53                 testList[j],testList[j+1] = testList[j+1],testList[j]
===Modified var:.. testList = [2, 10, 0, -20, 55, 120]
===22:06:43.864669 line        54                 numberChange = True
===22:06:43.865167 line        50         for j in range(len(testList)-1-i):
===22:06:43.888169 line        56         if not numberChange:
===22:06:43.888665 line        46     for i in range(len(testList)-1):
===Modified var:.. i = 1
===22:06:43.890662 line        48         numberChange = False
===Modified var:.. numberChange = False
===22:06:43.892157 line        50         for j in range(len(testList)-1-i):
===Modified var:.. j = 0
===22:06:43.893157 line        52             if testList[j] > testList[j+1]:
===22:06:43.894155 line        50         for j in range(len(testList)-1-i):
===Modified var:.. j = 1
===22:06:43.895153 line        52             if testList[j] > testList[j+1]:
===22:06:43.895653 line        53                 testList[j],testList[j+1] = testList[j+1],testList[j]
===Modified var:.. testList = [2, 0, 10, -20, 55, 120]
===22:06:43.897149 line        54                 numberChange = True
===Modified var:.. numberChange = True
===22:06:43.898645 line        50         for j in range(len(testList)-1-i):
===Modified var:.. j = 2
===22:06:43.900142 line        52             if testList[j] > testList[j+1]:
===22:06:43.900643 line        53                 testList[j],testList[j+1] = testList[j+1],testList[j]
===Modified var:.. testList = [2, 0, -20, 10, 55, 120]
===22:06:43.902138 line        54                 numberChange = True
===22:06:43.903137 line        50         for j in range(len(testList)-1-i):
===Modified var:.. j = 3
===22:06:43.904134 line        52             if testList[j] > testList[j+1]:
===22:06:43.905135 line        50         for j in range(len(testList)-1-i):
===22:06:43.906131 line        56         if not numberChange:
===22:06:43.906632 line        46     for i in range(len(testList)-1):
===Modified var:.. i = 2
===22:06:43.908129 line        48         numberChange = False
===Modified var:.. numberChange = False
===22:06:43.909624 line        50         for j in range(len(testList)-1-i):
===Modified var:.. j = 0
===22:06:43.911122 line        52             if testList[j] > testList[j+1]:
===22:06:43.912119 line        53                 testList[j],testList[j+1] = testList[j+1],testList[j]
===Modified var:.. testList = [0, 2, -20, 10, 55, 120]
===22:06:43.913616 line        54                 numberChange = True
===Modified var:.. numberChange = True
===22:06:43.914615 line        50         for j in range(len(testList)-1-i):
===Modified var:.. j = 1
===22:06:43.916111 line        52             if testList[j] > testList[j+1]:
===22:06:43.916611 line        53                 testList[j],testList[j+1] = testList[j+1],testList[j]
===Modified var:.. testList = [0, -20, 2, 10, 55, 120]
===22:06:43.918107 line        54                 numberChange = True
===22:06:43.918607 line        50         for j in range(len(testList)-1-i):
===Modified var:.. j = 2
===22:06:43.920104 line        52             if testList[j] > testList[j+1]:
===22:06:43.921105 line        50         for j in range(len(testList)-1-i):
===22:06:43.921603 line        56         if not numberChange:
===22:06:43.922599 line        46     for i in range(len(testList)-1):
===Modified var:.. i = 3
===22:06:43.923599 line        48         numberChange = False
===Modified var:.. numberChange = False
===22:06:43.925096 line        50         for j in range(len(testList)-1-i):
===Modified var:.. j = 0
===22:06:43.926095 line        52             if testList[j] > testList[j+1]:
===22:06:43.927093 line        53                 testList[j],testList[j+1] = testList[j+1],testList[j]
===Modified var:.. testList = [-20, 0, 2, 10, 55, 120]
===22:06:43.928591 line        54                 numberChange = True
===Modified var:.. numberChange = True
===22:06:43.930087 line        50         for j in range(len(testList)-1-i):
===Modified var:.. j = 1
===22:06:43.931584 line        52             if testList[j] > testList[j+1]:
===22:06:43.932083 line        50         for j in range(len(testList)-1-i):
===22:06:43.933080 line        56         if not numberChange:
===22:06:43.933581 line        46     for i in range(len(testList)-1):
===Modified var:.. i = 4
===22:06:43.935077 line        48         numberChange = False
===Modified var:.. numberChange = False
===22:06:43.936575 line        50         for j in range(len(testList)-1-i):
===Modified var:.. j = 0
===22:06:43.938072 line        52             if testList[j] > testList[j+1]:
===22:06:43.938571 line        50         for j in range(len(testList)-1-i):
===22:06:43.939569 line        56         if not numberChange:
===22:06:43.940068 line        57             return testList
===22:06:43.941065 return      57             return testList
===Return value:.. [-20, 0, 2, 10, 55, 120]
===Starting var:.. testList = [10, 2, 120, 0, -20, 55]
===22:07:51.212991 call        42 def bubbleSort(testList):
===22:07:51.213990 line        44     startTime = time.time()
===New var:....... startTime = 1579097271.214985
===22:07:51.215487 line        46     for i in range(len(testList)-1):
===New var:....... i = 0
===22:07:51.216981 line        48         numberChange = False
===New var:....... numberChange = False
===22:07:51.217981 line        50         for j in range(len(testList)-1-i):
===New var:....... j = 0
===22:07:51.219975 line        52             if testList[j] > testList[j+1]:
===22:07:51.220478 line        53                 testList[j],testList[j+1] = testList[j+1],testList[j]
===Modified var:.. testList = [2, 10, 120, 0, -20, 55]
===22:07:51.221973 line        54                 numberChange = True
===Modified var:.. numberChange = True
===22:07:51.222971 line        50         for j in range(len(testList)-1-i):
===Modified var:.. j = 1
===22:07:51.224469 line        52             if testList[j] > testList[j+1]:
===22:07:51.224967 line        50         for j in range(len(testList)-1-i):
===Modified var:.. j = 2
===22:07:51.226465 line        52             if testList[j] > testList[j+1]:
===22:07:51.226963 line        53                 testList[j],testList[j+1] = testList[j+1],testList[j]
===Modified var:.. testList = [2, 10, 0, 120, -20, 55]
===22:07:51.228462 line        54                 numberChange = True
===22:07:51.228962 line        50         for j in range(len(testList)-1-i):
===Modified var:.. j = 3
===22:07:51.230457 line        52             if testList[j] > testList[j+1]:
===22:07:51.230956 line        53                 testList[j],testList[j+1] = testList[j+1],testList[j]
===Modified var:.. testList = [2, 10, 0, -20, 120, 55]
===22:07:51.232451 line        54                 numberChange = True
===22:07:51.233453 line        50         for j in range(len(testList)-1-i):
===Modified var:.. j = 4
===22:07:51.234449 line        52             if testList[j] > testList[j+1]:
===22:07:51.235447 line        53                 testList[j],testList[j+1] = testList[j+1],testList[j]
===Modified var:.. testList = [2, 10, 0, -20, 55, 120]
===22:07:51.236445 line        54                 numberChange = True
===22:07:51.237443 line        50         for j in range(len(testList)-1-i):
===22:07:51.237942 line        56         endTime = time.time()
===New var:....... endTime = 1579097271.238442
===22:07:51.239439 line        57         print('程序运行的时间是： %s' % (endTime - startTime))
===22:07:51.240436 line        58         if not numberChange:
===22:07:51.240938 line        46     for i in range(len(testList)-1):
===Modified var:.. i = 1
===22:07:51.242437 line        48         numberChange = False
===Modified var:.. numberChange = False
===22:07:51.243930 line        50         for j in range(len(testList)-1-i):
===Modified var:.. j = 0
===22:07:51.245427 line        52             if testList[j] > testList[j+1]:
===22:07:51.245926 line        50         for j in range(len(testList)-1-i):
===Modified var:.. j = 1
===22:07:51.247423 line        52             if testList[j] > testList[j+1]:
===22:07:51.248424 line        53                 testList[j],testList[j+1] = testList[j+1],testList[j]
===Modified var:.. testList = [2, 0, 10, -20, 55, 120]
===22:07:51.249919 line        54                 numberChange = True
===Modified var:.. numberChange = True
===22:07:51.250919 line        50         for j in range(len(testList)-1-i):
===Modified var:.. j = 2
===22:07:51.252415 line        52             if testList[j] > testList[j+1]:
===22:07:51.252914 line        53                 testList[j],testList[j+1] = testList[j+1],testList[j]
===Modified var:.. testList = [2, 0, -20, 10, 55, 120]
===22:07:51.254409 line        54                 numberChange = True
===22:07:51.254910 line        50         for j in range(len(testList)-1-i):
===Modified var:.. j = 3
===22:07:51.256406 line        52             if testList[j] > testList[j+1]:
===22:07:51.256906 line        50         for j in range(len(testList)-1-i):
===22:07:51.257405 line        56         endTime = time.time()
===Modified var:.. endTime = 1579097271.2579048
===22:07:51.258903 line        57         print('程序运行的时间是： %s' % (endTime - startTime))
===22:07:51.259401 line        58         if not numberChange:
===22:07:51.260399 line        46     for i in range(len(testList)-1):
===Modified var:.. i = 2
===22:07:51.261398 line        48         numberChange = False
===Modified var:.. numberChange = False
===22:07:51.262895 line        50         for j in range(len(testList)-1-i):
===Modified var:.. j = 0
===22:07:51.264395 line        52             if testList[j] > testList[j+1]:
===22:07:51.264893 line        53                 testList[j],testList[j+1] = testList[j+1],testList[j]
===Modified var:.. testList = [0, 2, -20, 10, 55, 120]
===22:07:51.266387 line        54                 numberChange = True
===Modified var:.. numberChange = True
===22:07:51.268883 line        50         for j in range(len(testList)-1-i):
===Modified var:.. j = 1
===22:07:51.270379 line        52             if testList[j] > testList[j+1]:
===22:07:51.270878 line        53                 testList[j],testList[j+1] = testList[j+1],testList[j]
===Modified var:.. testList = [0, -20, 2, 10, 55, 120]
===22:07:51.272380 line        54                 numberChange = True
===22:07:51.272878 line        50         for j in range(len(testList)-1-i):
===Modified var:.. j = 2
===22:07:51.274375 line        52             if testList[j] > testList[j+1]:
===22:07:51.274872 line        50         for j in range(len(testList)-1-i):
===22:07:51.275869 line        56         endTime = time.time()
===Modified var:.. endTime = 1579097271.2763698
===22:07:51.277366 line        57         print('程序运行的时间是： %s' % (endTime - startTime))
===22:07:51.277866 line        58         if not numberChange:
===22:07:51.278365 line        46     for i in range(len(testList)-1):
===Modified var:.. i = 3
===22:07:51.280360 line        48         numberChange = False
===Modified var:.. numberChange = False
===22:07:51.281861 line        50         for j in range(len(testList)-1-i):
===Modified var:.. j = 0
===22:07:51.283355 line        52             if testList[j] > testList[j+1]:
===22:07:51.283857 line        53                 testList[j],testList[j+1] = testList[j+1],testList[j]
===Modified var:.. testList = [-20, 0, 2, 10, 55, 120]
===22:07:51.285352 line        54                 numberChange = True
===Modified var:.. numberChange = True
===22:07:51.286350 line        50         for j in range(len(testList)-1-i):
===Modified var:.. j = 1
===22:07:51.287847 line        52             if testList[j] > testList[j+1]:
===22:07:51.288846 line        50         for j in range(len(testList)-1-i):
===22:07:51.289345 line        56         endTime = time.time()
===Modified var:.. endTime = 1579097271.2898438
===22:07:51.290841 line        57         print('程序运行的时间是： %s' % (endTime - startTime))
===22:07:51.291341 line        58         if not numberChange:
===22:07:51.292341 line        46     for i in range(len(testList)-1):
===Modified var:.. i = 4
===22:07:51.293837 line        48         numberChange = False
===Modified var:.. numberChange = False
===22:07:51.295834 line        50         for j in range(len(testList)-1-i):
===Modified var:.. j = 0
===22:07:51.297332 line        52             if testList[j] > testList[j+1]:
===22:07:51.297830 line        50         for j in range(len(testList)-1-i):
===22:07:51.298826 line        56         endTime = time.time()
===Modified var:.. endTime = 1579097271.299326
===22:07:51.299825 line        57         print('程序运行的时间是： %s' % (endTime - startTime))
===22:07:51.300822 line        58         if not numberChange:
===22:07:51.301322 line        59             return testList
===22:07:51.301821 return      59             return testList
===Return value:.. [-20, 0, 2, 10, 55, 120]
