---***---Starting var:.. x = 1
---***---02:26:24.147841 call        18 def func(x):
---***---02:26:24.153329 line        19     return x ** 2
---***---02:26:24.154327 return      19     return x ** 2
---***---Return value:.. 1
---***---Starting var:.. x = 2
---***---02:26:24.156826 call        18 def func(x):
---***---02:26:24.157821 line        19     return x ** 2
---***---02:26:24.159820 return      19     return x ** 2
---***---Return value:.. 4
---***---Starting var:.. x = 3
---***---02:26:24.162811 call        18 def func(x):
---***---02:26:24.163310 line        19     return x ** 2
---***---02:26:24.164310 return      19     return x ** 2
---***---Return value:.. 9
---***---Starting var:.. x = 4
---***---02:26:24.166803 call        18 def func(x):
---***---02:26:24.167802 line        19     return x ** 2
---***---02:26:24.168301 return      19     return x ** 2
---***---Return value:.. 16
---***---Starting var:.. x = 5
---***---02:26:24.171296 call        18 def func(x):
---***---02:26:24.172793 line        19     return x ** 2
---***---02:26:24.174290 return      19     return x ** 2
---***---Return value:.. 25
